[2025-04-14 23:44:32,764: INFO: main: Hello, World!]
[2025-04-15 00:54:19,962: INFO: common: yaml file: config/config.yaml loaded successfully]
[2025-04-15 00:54:19,967: INFO: common: yaml file: params.yaml loaded successfully]
[2025-04-15 00:55:07,920: INFO: common: yaml file: config/config.yaml loaded successfully]
[2025-04-15 00:55:07,924: INFO: common: yaml file: params.yaml loaded successfully]
[2025-04-15 12:50:22,891: INFO: common: yaml file: config/config.yaml loaded successfully]
[2025-04-15 12:50:22,892: INFO: common: yaml file: params.yaml loaded successfully]
[2025-04-15 12:55:21,442: ERROR: 1776682326: An error occurred: [Errno 2] No such file or directory: 'config/config.yaml']
Traceback (most recent call last):
  File "/var/folders/kx/d1gxzt7s111d0z9bjypgv2980000gn/T/ipykernel_1223/1776682326.py", line 2, in <module>
    config = ConfigurationManager()
  File "/var/folders/kx/d1gxzt7s111d0z9bjypgv2980000gn/T/ipykernel_1223/239571935.py", line 8, in __init__
    self.config = read_yaml(config_filepath)
  File "/opt/anaconda3/envs/mlenv/lib/python3.8/site-packages/ensure/main.py", line 849, in __call__
    return_val = self.f(*args, **kwargs)
  File "/Users/preetyrai/Full_Stack_ML_Project/End-to-End-Machine-Learning-Project---Drug-Quality/src/mlProject/utils/common.py", line 36, in read_yaml
    raise e
  File "/Users/preetyrai/Full_Stack_ML_Project/End-to-End-Machine-Learning-Project---Drug-Quality/src/mlProject/utils/common.py", line 29, in read_yaml
    with open(path_to_yaml) as yaml_file:
FileNotFoundError: [Errno 2] No such file or directory: 'config/config.yaml'
[2025-04-15 13:11:38,977: INFO: common: yaml file: config/config.yaml loaded successfully]
[2025-04-15 13:11:38,978: INFO: common: yaml file: params.yaml loaded successfully]
[2025-04-15 13:11:38,979: INFO: common: yaml file: schema.yaml loaded successfully]
[2025-04-15 13:14:36,930: INFO: common: yaml file: config/config.yaml loaded successfully]
[2025-04-15 13:14:36,932: INFO: common: yaml file: params.yaml loaded successfully]
[2025-04-15 13:14:36,933: INFO: common: yaml file: schema.yaml loaded successfully]
[2025-04-15 13:15:52,884: INFO: common: yaml file: config/config.yaml loaded successfully]
[2025-04-15 13:15:52,885: INFO: common: yaml file: params.yaml loaded successfully]
[2025-04-15 13:15:52,886: INFO: common: yaml file: schema.yaml loaded successfully]
[2025-04-15 14:21:54,055: INFO: main: Hello, World!]
